mode: atomic
github.com/ekroon/slog-sqlite/example/main.go:13.13,18.16 2 0
github.com/ekroon/slog-sqlite/example/main.go:18.16,19.13 1 0
github.com/ekroon/slog-sqlite/example/main.go:21.2,21.15 1 0
github.com/ekroon/slog-sqlite/example/main.go:21.15,21.38 1 0
github.com/ekroon/slog-sqlite/example/main.go:23.2,53.16 10 0
github.com/ekroon/slog-sqlite/example/main.go:53.16,55.3 1 0
github.com/ekroon/slog-sqlite/example/main.go:57.2,57.33 1 0
github.com/ekroon/slog-sqlite/example/main.go:57.33,59.29 2 0
github.com/ekroon/slog-sqlite/example/main.go:59.29,61.4 1 0
github.com/ekroon/slog-sqlite/example/main.go:64.2,66.16 3 0
github.com/ekroon/slog-sqlite/example/main.go:66.16,68.3 1 0
github.com/ekroon/slog-sqlite/example/main.go:70.2,70.39 1 0
github.com/ekroon/slog-sqlite/example/main.go:70.39,75.3 1 0
github.com/ekroon/slog-sqlite/example/main.go:77.2,82.16 3 0
github.com/ekroon/slog-sqlite/example/main.go:82.16,84.3 1 0
github.com/ekroon/slog-sqlite/example/main.go:86.2,86.36 1 0
github.com/ekroon/slog-sqlite/example/main.go:86.36,88.3 1 0
github.com/ekroon/slog-sqlite/example/main.go:90.2,92.16 3 0
github.com/ekroon/slog-sqlite/example/main.go:92.16,94.3 1 0
github.com/ekroon/slog-sqlite/example/main.go:96.2,98.70 3 0
github.com/ekroon/slog-sqlite/example/main.go:98.70,99.41 1 0
github.com/ekroon/slog-sqlite/example/main.go:99.41,101.4 1 0
github.com/ekroon/slog-sqlite/example/main.go:105.40,112.25 3 0
github.com/ekroon/slog-sqlite/example/main.go:112.25,118.3 2 0
github.com/ekroon/slog-sqlite/example/main.go:120.2,123.3 1 0
github.com/ekroon/slog-sqlite/handler.go:30.62,31.25 1 9
github.com/ekroon/slog-sqlite/handler.go:31.25,33.3 1 0
github.com/ekroon/slog-sqlite/handler.go:35.2,36.16 2 9
github.com/ekroon/slog-sqlite/handler.go:36.16,38.3 1 0
github.com/ekroon/slog-sqlite/handler.go:40.2,46.45 2 9
github.com/ekroon/slog-sqlite/handler.go:46.45,48.3 1 0
github.com/ekroon/slog-sqlite/handler.go:50.2,50.21 1 9
github.com/ekroon/slog-sqlite/handler.go:53.44,77.16 3 9
github.com/ekroon/slog-sqlite/handler.go:77.16,79.3 1 0
github.com/ekroon/slog-sqlite/handler.go:81.2,98.12 3 9
github.com/ekroon/slog-sqlite/handler.go:101.77,103.2 1 118
github.com/ekroon/slog-sqlite/handler.go:105.74,111.15 4 115
github.com/ekroon/slog-sqlite/handler.go:111.15,117.3 5 115
github.com/ekroon/slog-sqlite/handler.go:120.2,121.12 2 115
github.com/ekroon/slog-sqlite/handler.go:121.12,126.32 3 115
github.com/ekroon/slog-sqlite/handler.go:126.32,128.4 1 2
github.com/ekroon/slog-sqlite/handler.go:130.3,130.34 1 115
github.com/ekroon/slog-sqlite/handler.go:130.34,133.4 2 106
github.com/ekroon/slog-sqlite/handler.go:135.3,140.44 5 115
github.com/ekroon/slog-sqlite/handler.go:140.44,142.4 1 1
github.com/ekroon/slog-sqlite/handler.go:143.3,143.47 1 115
github.com/ekroon/slog-sqlite/handler.go:143.47,145.4 1 0
github.com/ekroon/slog-sqlite/handler.go:147.3,169.4 3 115
github.com/ekroon/slog-sqlite/handler.go:172.2,172.12 1 115
github.com/ekroon/slog-sqlite/handler.go:175.52,176.24 1 115
github.com/ekroon/slog-sqlite/handler.go:176.24,178.3 1 114
github.com/ekroon/slog-sqlite/handler.go:179.2,179.36 1 1
github.com/ekroon/slog-sqlite/handler.go:182.67,190.2 1 1
github.com/ekroon/slog-sqlite/handler.go:192.61,200.2 1 1
github.com/ekroon/slog-sqlite/handler.go:202.39,205.2 2 9
github.com/ekroon/slog-sqlite/query.go:37.74,41.22 3 9
github.com/ekroon/slog-sqlite/query.go:41.22,44.3 2 1
github.com/ekroon/slog-sqlite/query.go:46.2,46.23 1 9
github.com/ekroon/slog-sqlite/query.go:46.23,54.3 2 0
github.com/ekroon/slog-sqlite/query.go:56.2,56.27 1 9
github.com/ekroon/slog-sqlite/query.go:56.27,59.3 2 0
github.com/ekroon/slog-sqlite/query.go:61.2,61.25 1 9
github.com/ekroon/slog-sqlite/query.go:61.25,64.3 2 0
github.com/ekroon/slog-sqlite/query.go:66.2,66.19 1 9
github.com/ekroon/slog-sqlite/query.go:66.19,68.3 1 0
github.com/ekroon/slog-sqlite/query.go:70.2,72.25 2 9
github.com/ekroon/slog-sqlite/query.go:72.25,74.3 1 1
github.com/ekroon/slog-sqlite/query.go:76.2,76.20 1 9
github.com/ekroon/slog-sqlite/query.go:76.20,78.3 1 3
github.com/ekroon/slog-sqlite/query.go:78.8,80.3 1 6
github.com/ekroon/slog-sqlite/query.go:82.2,82.20 1 9
github.com/ekroon/slog-sqlite/query.go:82.20,84.22 2 6
github.com/ekroon/slog-sqlite/query.go:84.22,86.4 1 0
github.com/ekroon/slog-sqlite/query.go:89.2,90.16 2 9
github.com/ekroon/slog-sqlite/query.go:90.16,92.3 1 1
github.com/ekroon/slog-sqlite/query.go:93.2,93.15 1 8
github.com/ekroon/slog-sqlite/query.go:93.15,93.35 1 8
github.com/ekroon/slog-sqlite/query.go:95.2,96.18 2 8
github.com/ekroon/slog-sqlite/query.go:96.18,117.17 7 11
github.com/ekroon/slog-sqlite/query.go:117.17,119.4 1 0
github.com/ekroon/slog-sqlite/query.go:121.3,123.23 2 11
github.com/ekroon/slog-sqlite/query.go:123.23,125.4 1 11
github.com/ekroon/slog-sqlite/query.go:126.3,126.23 1 11
github.com/ekroon/slog-sqlite/query.go:126.23,128.4 1 11
github.com/ekroon/slog-sqlite/query.go:129.3,129.27 1 11
github.com/ekroon/slog-sqlite/query.go:129.27,131.4 1 11
github.com/ekroon/slog-sqlite/query.go:132.3,132.25 1 11
github.com/ekroon/slog-sqlite/query.go:132.25,134.4 1 11
github.com/ekroon/slog-sqlite/query.go:135.3,135.25 1 11
github.com/ekroon/slog-sqlite/query.go:135.25,137.4 1 11
github.com/ekroon/slog-sqlite/query.go:138.3,138.23 1 11
github.com/ekroon/slog-sqlite/query.go:138.23,140.4 1 11
github.com/ekroon/slog-sqlite/query.go:142.3,142.48 1 11
github.com/ekroon/slog-sqlite/query.go:142.48,144.4 1 11
github.com/ekroon/slog-sqlite/query.go:145.3,145.50 1 11
github.com/ekroon/slog-sqlite/query.go:145.50,147.4 1 11
github.com/ekroon/slog-sqlite/query.go:149.3,149.27 1 11
github.com/ekroon/slog-sqlite/query.go:152.2,152.25 1 8
github.com/ekroon/slog-sqlite/query.go:155.86,171.16 3 0
github.com/ekroon/slog-sqlite/query.go:171.16,173.3 1 0
github.com/ekroon/slog-sqlite/query.go:174.2,174.15 1 0
github.com/ekroon/slog-sqlite/query.go:174.15,174.35 1 0
github.com/ekroon/slog-sqlite/query.go:176.2,177.18 2 0
github.com/ekroon/slog-sqlite/query.go:177.18,184.17 6 0
github.com/ekroon/slog-sqlite/query.go:184.17,186.4 1 0
github.com/ekroon/slog-sqlite/query.go:188.3,195.22 2 0
github.com/ekroon/slog-sqlite/query.go:195.22,197.4 1 0
github.com/ekroon/slog-sqlite/query.go:199.3,199.41 1 0
github.com/ekroon/slog-sqlite/query.go:202.2,202.30 1 0
github.com/ekroon/slog-sqlite/query.go:205.92,211.2 1 0
github.com/ekroon/slog-sqlite/query.go:213.78,223.16 3 0
github.com/ekroon/slog-sqlite/query.go:223.16,225.3 1 0
github.com/ekroon/slog-sqlite/query.go:226.2,226.15 1 0
github.com/ekroon/slog-sqlite/query.go:226.15,226.35 1 0
github.com/ekroon/slog-sqlite/query.go:228.2,229.18 2 0
github.com/ekroon/slog-sqlite/query.go:229.18,232.51 3 0
github.com/ekroon/slog-sqlite/query.go:232.51,234.4 1 0
github.com/ekroon/slog-sqlite/query.go:235.3,235.29 1 0
github.com/ekroon/slog-sqlite/query.go:238.2,255.8 7 0
