mode: atomic
github.com/ekroon/slog-sqlite/example/main.go:13.13,18.16 2 0
github.com/ekroon/slog-sqlite/example/main.go:18.16,19.13 1 0
github.com/ekroon/slog-sqlite/example/main.go:21.2,21.15 1 0
github.com/ekroon/slog-sqlite/example/main.go:21.15,21.38 1 0
github.com/ekroon/slog-sqlite/example/main.go:23.2,53.16 10 0
github.com/ekroon/slog-sqlite/example/main.go:53.16,55.3 1 0
github.com/ekroon/slog-sqlite/example/main.go:57.2,57.33 1 0
github.com/ekroon/slog-sqlite/example/main.go:57.33,59.29 2 0
github.com/ekroon/slog-sqlite/example/main.go:59.29,61.4 1 0
github.com/ekroon/slog-sqlite/example/main.go:64.2,66.16 3 0
github.com/ekroon/slog-sqlite/example/main.go:66.16,68.3 1 0
github.com/ekroon/slog-sqlite/example/main.go:70.2,70.39 1 0
github.com/ekroon/slog-sqlite/example/main.go:70.39,75.3 1 0
github.com/ekroon/slog-sqlite/example/main.go:77.2,82.16 3 0
github.com/ekroon/slog-sqlite/example/main.go:82.16,84.3 1 0
github.com/ekroon/slog-sqlite/example/main.go:86.2,86.36 1 0
github.com/ekroon/slog-sqlite/example/main.go:86.36,88.3 1 0
github.com/ekroon/slog-sqlite/example/main.go:90.2,92.16 3 0
github.com/ekroon/slog-sqlite/example/main.go:92.16,94.3 1 0
github.com/ekroon/slog-sqlite/example/main.go:96.2,98.70 3 0
github.com/ekroon/slog-sqlite/example/main.go:98.70,99.41 1 0
github.com/ekroon/slog-sqlite/example/main.go:99.41,101.4 1 0
github.com/ekroon/slog-sqlite/example/main.go:105.40,112.25 3 0
github.com/ekroon/slog-sqlite/example/main.go:112.25,118.3 2 0
github.com/ekroon/slog-sqlite/example/main.go:120.2,123.3 1 0
github.com/ekroon/slog-sqlite/handler.go:28.62,29.25 1 7
github.com/ekroon/slog-sqlite/handler.go:29.25,31.3 1 0
github.com/ekroon/slog-sqlite/handler.go:33.2,34.16 2 7
github.com/ekroon/slog-sqlite/handler.go:34.16,36.3 1 0
github.com/ekroon/slog-sqlite/handler.go:38.2,43.45 2 7
github.com/ekroon/slog-sqlite/handler.go:43.45,45.3 1 0
github.com/ekroon/slog-sqlite/handler.go:47.2,47.21 1 7
github.com/ekroon/slog-sqlite/handler.go:50.44,74.16 3 7
github.com/ekroon/slog-sqlite/handler.go:74.16,76.3 1 0
github.com/ekroon/slog-sqlite/handler.go:78.2,95.12 3 7
github.com/ekroon/slog-sqlite/handler.go:98.77,100.2 1 17
github.com/ekroon/slog-sqlite/handler.go:102.74,107.15 4 14
github.com/ekroon/slog-sqlite/handler.go:107.15,113.3 5 14
github.com/ekroon/slog-sqlite/handler.go:115.2,117.31 2 14
github.com/ekroon/slog-sqlite/handler.go:117.31,119.3 1 2
github.com/ekroon/slog-sqlite/handler.go:121.2,121.33 1 14
github.com/ekroon/slog-sqlite/handler.go:121.33,124.3 2 6
github.com/ekroon/slog-sqlite/handler.go:126.2,131.43 5 14
github.com/ekroon/slog-sqlite/handler.go:131.43,133.3 1 1
github.com/ekroon/slog-sqlite/handler.go:134.2,134.46 1 14
github.com/ekroon/slog-sqlite/handler.go:134.46,136.3 1 0
github.com/ekroon/slog-sqlite/handler.go:138.2,162.12 4 14
github.com/ekroon/slog-sqlite/handler.go:165.52,166.24 1 14
github.com/ekroon/slog-sqlite/handler.go:166.24,168.3 1 13
github.com/ekroon/slog-sqlite/handler.go:169.2,169.36 1 1
github.com/ekroon/slog-sqlite/handler.go:172.67,179.2 1 1
github.com/ekroon/slog-sqlite/handler.go:181.61,188.2 1 1
github.com/ekroon/slog-sqlite/handler.go:190.39,192.2 1 7
github.com/ekroon/slog-sqlite/query.go:37.74,41.22 3 7
github.com/ekroon/slog-sqlite/query.go:41.22,44.3 2 1
github.com/ekroon/slog-sqlite/query.go:46.2,46.23 1 7
github.com/ekroon/slog-sqlite/query.go:46.23,54.3 2 0
github.com/ekroon/slog-sqlite/query.go:56.2,56.27 1 7
github.com/ekroon/slog-sqlite/query.go:56.27,59.3 2 0
github.com/ekroon/slog-sqlite/query.go:61.2,61.25 1 7
github.com/ekroon/slog-sqlite/query.go:61.25,64.3 2 0
github.com/ekroon/slog-sqlite/query.go:66.2,66.19 1 7
github.com/ekroon/slog-sqlite/query.go:66.19,68.3 1 0
github.com/ekroon/slog-sqlite/query.go:70.2,72.25 2 7
github.com/ekroon/slog-sqlite/query.go:72.25,74.3 1 1
github.com/ekroon/slog-sqlite/query.go:76.2,76.20 1 7
github.com/ekroon/slog-sqlite/query.go:76.20,78.3 1 3
github.com/ekroon/slog-sqlite/query.go:78.8,80.3 1 4
github.com/ekroon/slog-sqlite/query.go:82.2,82.20 1 7
github.com/ekroon/slog-sqlite/query.go:82.20,84.22 2 5
github.com/ekroon/slog-sqlite/query.go:84.22,86.4 1 0
github.com/ekroon/slog-sqlite/query.go:89.2,90.16 2 7
github.com/ekroon/slog-sqlite/query.go:90.16,92.3 1 0
github.com/ekroon/slog-sqlite/query.go:93.2,93.15 1 7
github.com/ekroon/slog-sqlite/query.go:93.15,93.35 1 7
github.com/ekroon/slog-sqlite/query.go:95.2,96.18 2 7
github.com/ekroon/slog-sqlite/query.go:96.18,117.17 7 10
github.com/ekroon/slog-sqlite/query.go:117.17,119.4 1 0
github.com/ekroon/slog-sqlite/query.go:121.3,123.23 2 10
github.com/ekroon/slog-sqlite/query.go:123.23,125.4 1 10
github.com/ekroon/slog-sqlite/query.go:126.3,126.23 1 10
github.com/ekroon/slog-sqlite/query.go:126.23,128.4 1 10
github.com/ekroon/slog-sqlite/query.go:129.3,129.27 1 10
github.com/ekroon/slog-sqlite/query.go:129.27,131.4 1 10
github.com/ekroon/slog-sqlite/query.go:132.3,132.25 1 10
github.com/ekroon/slog-sqlite/query.go:132.25,134.4 1 10
github.com/ekroon/slog-sqlite/query.go:135.3,135.25 1 10
github.com/ekroon/slog-sqlite/query.go:135.25,137.4 1 10
github.com/ekroon/slog-sqlite/query.go:138.3,138.23 1 10
github.com/ekroon/slog-sqlite/query.go:138.23,140.4 1 10
github.com/ekroon/slog-sqlite/query.go:142.3,142.48 1 10
github.com/ekroon/slog-sqlite/query.go:142.48,144.4 1 10
github.com/ekroon/slog-sqlite/query.go:145.3,145.50 1 10
github.com/ekroon/slog-sqlite/query.go:145.50,147.4 1 10
github.com/ekroon/slog-sqlite/query.go:149.3,149.27 1 10
github.com/ekroon/slog-sqlite/query.go:152.2,152.25 1 7
github.com/ekroon/slog-sqlite/query.go:155.86,171.16 3 0
github.com/ekroon/slog-sqlite/query.go:171.16,173.3 1 0
github.com/ekroon/slog-sqlite/query.go:174.2,174.15 1 0
github.com/ekroon/slog-sqlite/query.go:174.15,174.35 1 0
github.com/ekroon/slog-sqlite/query.go:176.2,177.18 2 0
github.com/ekroon/slog-sqlite/query.go:177.18,184.17 6 0
github.com/ekroon/slog-sqlite/query.go:184.17,186.4 1 0
github.com/ekroon/slog-sqlite/query.go:188.3,195.22 2 0
github.com/ekroon/slog-sqlite/query.go:195.22,197.4 1 0
github.com/ekroon/slog-sqlite/query.go:199.3,199.41 1 0
github.com/ekroon/slog-sqlite/query.go:202.2,202.30 1 0
github.com/ekroon/slog-sqlite/query.go:205.92,211.2 1 0
github.com/ekroon/slog-sqlite/query.go:213.78,223.16 3 0
github.com/ekroon/slog-sqlite/query.go:223.16,225.3 1 0
github.com/ekroon/slog-sqlite/query.go:226.2,226.15 1 0
github.com/ekroon/slog-sqlite/query.go:226.15,226.35 1 0
github.com/ekroon/slog-sqlite/query.go:228.2,229.18 2 0
github.com/ekroon/slog-sqlite/query.go:229.18,232.51 3 0
github.com/ekroon/slog-sqlite/query.go:232.51,234.4 1 0
github.com/ekroon/slog-sqlite/query.go:235.3,235.29 1 0
github.com/ekroon/slog-sqlite/query.go:238.2,255.8 7 0
